<?xml version="1.0" encoding="UTF-8"?>
<testng-results ignored="0" total="6" passed="6" failed="0" skipped="0">
  <reporter-output>
  </reporter-output>
  <suite started-at="2024-06-19T18:51:17 IST" name="Default suite" finished-at="2024-06-19T18:52:20 IST" duration-ms="62760">
    <groups>
    </groups>
    <test started-at="2024-06-19T18:51:17 IST" name="Default test" finished-at="2024-06-19T18:52:20 IST" duration-ms="62760">
      <class name="com.CapstoneProject.CapstoneProject.search">
        <test-method is-config="true" signature="setup()[pri:0, instance:com.CapstoneProject.CapstoneProject.search@72ade7e3]" started-at="2024-06-19T18:51:17 IST" name="setup" finished-at="2024-06-19T18:51:31 IST" duration-ms="13669" status="PASS">
          <reporter-output>
          </reporter-output>
        </test-method> <!-- setup -->
        <test-method is-config="true" signature="beforeMethod()[pri:0, instance:com.CapstoneProject.CapstoneProject.search@72ade7e3]" started-at="2024-06-19T18:51:31 IST" name="beforeMethod" finished-at="2024-06-19T18:51:31 IST" duration-ms="18" status="PASS">
          <reporter-output>
          </reporter-output>
        </test-method> <!-- beforeMethod -->
        <test-method signature="findsearchbox()[pri:0, instance:com.CapstoneProject.CapstoneProject.search@72ade7e3]" started-at="2024-06-19T18:51:31 IST" name="findsearchbox" finished-at="2024-06-19T18:51:34 IST" duration-ms="3140" status="PASS">
          <reporter-output>
          </reporter-output>
        </test-method> <!-- findsearchbox -->
        <test-method is-config="true" signature="afterMethod()[pri:0, instance:com.CapstoneProject.CapstoneProject.search@72ade7e3]" started-at="2024-06-19T18:51:34 IST" name="afterMethod" finished-at="2024-06-19T18:51:35 IST" duration-ms="840" status="PASS">
          <reporter-output>
          </reporter-output>
        </test-method> <!-- afterMethod -->
        <test-method signature="sendkeys()[pri:1, instance:com.CapstoneProject.CapstoneProject.search@72ade7e3]" started-at="2024-06-19T18:51:35 IST" name="sendkeys" finished-at="2024-06-19T18:51:39 IST" duration-ms="3639" status="PASS">
          <reporter-output>
          </reporter-output>
        </test-method> <!-- sendkeys -->
        <test-method is-config="true" signature="beforeMethod()[pri:0, instance:com.CapstoneProject.CapstoneProject.search@72ade7e3]" started-at="2024-06-19T18:51:35 IST" name="beforeMethod" finished-at="2024-06-19T18:51:35 IST" duration-ms="0" status="PASS">
          <reporter-output>
          </reporter-output>
        </test-method> <!-- beforeMethod -->
        <test-method is-config="true" signature="afterMethod()[pri:0, instance:com.CapstoneProject.CapstoneProject.search@72ade7e3]" started-at="2024-06-19T18:51:39 IST" name="afterMethod" finished-at="2024-06-19T18:51:39 IST" duration-ms="32" status="PASS">
          <reporter-output>
          </reporter-output>
        </test-method> <!-- afterMethod -->
        <test-method signature="search()[pri:2, instance:com.CapstoneProject.CapstoneProject.search@72ade7e3]" started-at="2024-06-19T18:51:39 IST" name="search" finished-at="2024-06-19T18:51:53 IST" duration-ms="14105" status="PASS">
          <reporter-output>
          </reporter-output>
        </test-method> <!-- search -->
        <test-method is-config="true" signature="beforeMethod()[pri:0, instance:com.CapstoneProject.CapstoneProject.search@72ade7e3]" started-at="2024-06-19T18:51:39 IST" name="beforeMethod" finished-at="2024-06-19T18:51:39 IST" duration-ms="0" status="PASS">
          <reporter-output>
          </reporter-output>
        </test-method> <!-- beforeMethod -->
        <test-method is-config="true" signature="afterMethod()[pri:0, instance:com.CapstoneProject.CapstoneProject.search@72ade7e3]" started-at="2024-06-19T18:51:53 IST" name="afterMethod" finished-at="2024-06-19T18:51:53 IST" duration-ms="83" status="PASS">
          <reporter-output>
          </reporter-output>
        </test-method> <!-- afterMethod -->
        <test-method signature="validsearch()[pri:3, instance:com.CapstoneProject.CapstoneProject.search@72ade7e3]" started-at="2024-06-19T18:51:53 IST" name="validsearch" finished-at="2024-06-19T18:51:54 IST" duration-ms="1279" status="PASS">
          <reporter-output>
          </reporter-output>
        </test-method> <!-- validsearch -->
        <test-method is-config="true" signature="beforeMethod()[pri:0, instance:com.CapstoneProject.CapstoneProject.search@72ade7e3]" started-at="2024-06-19T18:51:53 IST" name="beforeMethod" finished-at="2024-06-19T18:51:53 IST" duration-ms="0" status="PASS">
          <reporter-output>
          </reporter-output>
        </test-method> <!-- beforeMethod -->
        <test-method is-config="true" signature="afterMethod()[pri:0, instance:com.CapstoneProject.CapstoneProject.search@72ade7e3]" started-at="2024-06-19T18:51:54 IST" name="afterMethod" finished-at="2024-06-19T18:51:54 IST" duration-ms="96" status="PASS">
          <reporter-output>
          </reporter-output>
        </test-method> <!-- afterMethod -->
        <test-method signature="emptysearch()[pri:4, instance:com.CapstoneProject.CapstoneProject.search@72ade7e3]" started-at="2024-06-19T18:51:54 IST" name="emptysearch" finished-at="2024-06-19T18:52:07 IST" duration-ms="13210" status="PASS">
          <reporter-output>
          </reporter-output>
        </test-method> <!-- emptysearch -->
        <test-method is-config="true" signature="beforeMethod()[pri:0, instance:com.CapstoneProject.CapstoneProject.search@72ade7e3]" started-at="2024-06-19T18:51:54 IST" name="beforeMethod" finished-at="2024-06-19T18:51:54 IST" duration-ms="0" status="PASS">
          <reporter-output>
          </reporter-output>
        </test-method> <!-- beforeMethod -->
        <test-method is-config="true" signature="afterMethod()[pri:0, instance:com.CapstoneProject.CapstoneProject.search@72ade7e3]" started-at="2024-06-19T18:52:07 IST" name="afterMethod" finished-at="2024-06-19T18:52:08 IST" duration-ms="47" status="PASS">
          <reporter-output>
          </reporter-output>
        </test-method> <!-- afterMethod -->
        <test-method is-config="true" signature="beforeMethod()[pri:0, instance:com.CapstoneProject.CapstoneProject.search@72ade7e3]" started-at="2024-06-19T18:52:08 IST" name="beforeMethod" finished-at="2024-06-19T18:52:08 IST" duration-ms="3" status="PASS">
          <reporter-output>
          </reporter-output>
        </test-method> <!-- beforeMethod -->
        <test-method signature="invalidsearch()[pri:5, instance:com.CapstoneProject.CapstoneProject.search@72ade7e3]" started-at="2024-06-19T18:52:08 IST" name="invalidsearch" finished-at="2024-06-19T18:52:19 IST" duration-ms="11291" status="PASS">
          <reporter-output>
          </reporter-output>
        </test-method> <!-- invalidsearch -->
        <test-method is-config="true" signature="afterMethod()[pri:0, instance:com.CapstoneProject.CapstoneProject.search@72ade7e3]" started-at="2024-06-19T18:52:19 IST" name="afterMethod" finished-at="2024-06-19T18:52:19 IST" duration-ms="34" status="PASS">
          <reporter-output>
          </reporter-output>
        </test-method> <!-- afterMethod -->
        <test-method is-config="true" signature="close()[pri:0, instance:com.CapstoneProject.CapstoneProject.search@72ade7e3]" started-at="2024-06-19T18:52:19 IST" name="close" finished-at="2024-06-19T18:52:20 IST" duration-ms="1124" status="PASS">
          <reporter-output>
          </reporter-output>
        </test-method> <!-- close -->
      </class> <!-- com.CapstoneProject.CapstoneProject.search -->
    </test> <!-- Default test -->
  </suite> <!-- Default suite -->
</testng-results>
