<?xml version="1.0" encoding="UTF-8"?>
<!-- Generated by org.testng.reporters.JUnitXMLReporter -->
<testsuite ignored="0" hostname="LAPTOP-O3UEKIHS" failures="0" tests="6" name="Default test" time="62.76" errors="0" timestamp="2024-06-19T18:52:20 IST">
  <testcase classname="com.CapstoneProject.CapstoneProject.search" name="findsearchbox" time="3.14"/>
  <testcase classname="com.CapstoneProject.CapstoneProject.search" name="sendkeys" time="3.639"/>
  <testcase classname="com.CapstoneProject.CapstoneProject.search" name="search" time="14.105"/>
  <testcase classname="com.CapstoneProject.CapstoneProject.search" name="validsearch" time="1.279"/>
  <testcase classname="com.CapstoneProject.CapstoneProject.search" name="emptysearch" time="13.21"/>
  <testcase classname="com.CapstoneProject.CapstoneProject.search" name="invalidsearch" time="11.291"/>
</testsuite> <!-- Default test -->
